<?xml version="1.0" encoding="UTF-8" standalone="yes"?>
<!DOCTYPE report PUBLIC "-//JACOCO//DTD Report 1.1//EN" "report.dtd">
<report name="domain">
  <package name="com/pipelinecrm/domain">
    <class name="com/pipelinecrm/domain/Deal" sourcefilename="Deal.java">
      <method name="advance" desc="()V" line="10">
        <counter type="INSTRUCTION" missed="0" covered="12"/>
        <counter type="BRANCH" missed="0" covered="2"/>
        <counter type="LINE" missed="0" covered="4"/>
        <counter type="COMPLEXITY" missed="0" covered="2"/>
        <counter type="METHOD" missed="0" covered="1"/>
      </method>
      <method name="empty" desc="()V" line="20">
        <counter type="COMPLEXITY" missed="0" covered="0"/>
        <counter type="LINE" missed="0" covered="0"/>
      </method>
    </class>
  </package>
  <package name="com/other">
    <class name="com/other/Skip" sourcefilename="Skip.java">
      <method name="noise" desc="()V" line="1">
        <counter type="LINE" missed="10" covered="0"/>
        <counter type="COMPLEXITY" missed="8" covered="0"/>
      </method>
    </class>
  </package>
</report>
